<?xml version="1.0" encoding="UTF-8"?>
<!-- Generated by org.testng.reporters.JUnitXMLReporter -->
<testsuite hostname="DESKTOP-M4P8B8C" failures="0" tests="4" name="Command line test" time="0.013" errors="0" timestamp="24 Dec 2019 11:43:35 GMT">
  <testcase classname="annotation.TestAnnotation" name="testMethod" time="0.001"/>
  <testcase classname="annotation.TestAnnotationByClass" name="testMethod" time="0.0"/>
  <testcase classname="annotation.TestSuiteExample" name="testMethod" time="0.0"/>
  <testcase classname="annotation.TestSuiteExample" name="testMethodTwo" time="0.0"/>
</testsuite> <!-- Command line test -->
